{"C:\\Users\\johnerasmous.soriano\\Downloads\\PROJECTS\\js-testing-jest-library\\js\\cloneArray.js": {"path":"C:\\Users\\johnerasmous.soriano\\Downloads\\PROJECTS\\js-testing-jest-library\\js\\cloneArray.js","statementMap":{"0":{"start":{"line":2,"column":2},"end":{"line":2,"column":20}},"1":{"start":{"line":5,"column":0},"end":{"line":5,"column":28}}},"fnMap":{"0":{"name":"cloneArray","decl":{"start":{"line":1,"column":9},"end":{"line":1,"column":19}},"loc":{"start":{"line":1,"column":27},"end":{"line":3,"column":1}},"line":1}},"branchMap":{},"s":{"0":2,"1":1},"f":{"0":2},"b":{},"_coverageSchema":"1a1c01bbd47fc00a2c39e90264f33305004495a9","hash":"6cfdfbf2b048990d11d5a123a0a14ddd5a724513"}
,"C:\\Users\\johnerasmous.soriano\\Downloads\\PROJECTS\\js-testing-jest-library\\js\\subtract.js": {"path":"C:\\Users\\johnerasmous.soriano\\Downloads\\PROJECTS\\js-testing-jest-library\\js\\subtract.js","statementMap":{"0":{"start":{"line":2,"column":2},"end":{"line":2,"column":15}},"1":{"start":{"line":5,"column":0},"end":{"line":5,"column":26}}},"fnMap":{"0":{"name":"subtract","decl":{"start":{"line":1,"column":9},"end":{"line":1,"column":17}},"loc":{"start":{"line":1,"column":24},"end":{"line":3,"column":1}},"line":1}},"branchMap":{},"s":{"0":1,"1":1},"f":{"0":1},"b":{},"_coverageSchema":"1a1c01bbd47fc00a2c39e90264f33305004495a9","hash":"85e0202e6e974bebed05bacc9dc39afcf97cc2bb"}
,"C:\\Users\\johnerasmous.soriano\\Downloads\\PROJECTS\\js-testing-jest-library\\js\\sum.js": {"path":"C:\\Users\\johnerasmous.soriano\\Downloads\\PROJECTS\\js-testing-jest-library\\js\\sum.js","statementMap":{"0":{"start":{"line":2,"column":2},"end":{"line":2,"column":15}},"1":{"start":{"line":6,"column":2},"end":{"line":6,"column":24}},"2":{"start":{"line":9,"column":0},"end":{"line":9,"column":21}},"3":{"start":{"line":10,"column":0},"end":{"line":10,"column":24}}},"fnMap":{"0":{"name":"sum","decl":{"start":{"line":1,"column":9},"end":{"line":1,"column":12}},"loc":{"start":{"line":1,"column":19},"end":{"line":3,"column":1}},"line":1},"1":{"name":"helper","decl":{"start":{"line":5,"column":9},"end":{"line":5,"column":15}},"loc":{"start":{"line":5,"column":18},"end":{"line":7,"column":1}},"line":5}},"branchMap":{},"s":{"0":0,"1":1,"2":1,"3":1},"f":{"0":0,"1":1},"b":{},"_coverageSchema":"1a1c01bbd47fc00a2c39e90264f33305004495a9","hash":"c3a7f15f41fae43e5691c9b0e39b440edce72a48"}
}
